<?xml version="1.0" encoding="UTF-8"?>
<!-- Generated by org.testng.reporters.JUnitReportReporter -->
<testsuite hostname="mac.local" failures="0" tests="1" name="runner.Runner" time="102.625" errors="0" timestamp="2025-04-11T07:34:52 IST" skipped="0">
  <testcase classname="runner.Runner" name="runScenario" time="102.625"/>
  <system-out/>
</testsuite> <!-- runner.Runner -->
